<?xml version="1.0" encoding="UTF-8"?>
<!-- Generated by org.testng.reporters.JUnitReportReporter -->
<testsuite hostname="Qw3r7y" failures="0" tests="1" name="testcase.FilterProductTest" time="1.879" errors="0" timestamp="2024-05-27T22:18:37 CST" skipped="0">
  <testcase classname="testcase.FilterProductTest" name="FilterProduct" time="1.879"/>
</testsuite> <!-- testcase.FilterProductTest -->
