<?xml version="1.0" encoding="UTF-8"?>
<!-- Generated by org.testng.reporters.JUnitReportReporter -->
<testsuite hostname="Qw3r7y" failures="0" tests="6" name="testcase.LoginTest" time="17.703" errors="0" timestamp="2024-05-30T22:34:07 CST" skipped="0">
  <testcase classname="testcase.LoginTest" name="Login" time="2.304"/>
  <testcase classname="testcase.LoginTest" name="Login" time="1.824"/>
  <testcase classname="testcase.LoginTest" name="Login" time="1.773"/>
  <testcase classname="testcase.LoginTest" name="Login" time="2.309"/>
  <testcase classname="testcase.LoginTest" name="Login" time="6.880"/>
  <testcase classname="testcase.LoginTest" name="Login" time="2.613"/>
</testsuite> <!-- testcase.LoginTest -->
