<?xml version="1.0" encoding="UTF-8"?>
<!-- Generated by org.testng.reporters.JUnitReportReporter -->
<testsuite hostname="Qw3r7y" failures="0" tests="1" name="testcase.HomePageFilterProductTest" time="2.286" errors="0" timestamp="2024-05-07T23:33:38 CST" skipped="0">
  <testcase classname="testcase.HomePageFilterProductTest" name="FilterProduct" time="2.286"/>
</testsuite> <!-- testcase.HomePageFilterProductTest -->
