<?xml version="1.0" encoding="UTF-8"?>
<!-- Generated by org.testng.reporters.JUnitReportReporter -->
<testsuite hostname="Qw3r7y" failures="0" tests="6" name="testcase.LoginTest" time="16.628" errors="0" timestamp="2024-05-07T23:02:43 CST" skipped="0">
  <testcase classname="testcase.LoginTest" name="Login" time="1.694"/>
  <testcase classname="testcase.LoginTest" name="Login" time="2.088"/>
  <testcase classname="testcase.LoginTest" name="Login" time="1.565"/>
  <testcase classname="testcase.LoginTest" name="Login" time="2.995"/>
  <testcase classname="testcase.LoginTest" name="Login" time="6.581"/>
  <testcase classname="testcase.LoginTest" name="Login" time="1.705"/>
</testsuite> <!-- testcase.LoginTest -->
