<?xml version="1.0" encoding="UTF-8"?>
<!-- Generated by org.testng.reporters.JUnitReportReporter -->
<testsuite hostname="Qw3r7y" failures="0" tests="1" name="testcase.CheckoutTest" time="6.939" errors="0" timestamp="2024-05-27T22:20:18 CST" skipped="0">
  <testcase classname="testcase.CheckoutTest" name="Checkout" time="6.939"/>
</testsuite> <!-- testcase.CheckoutTest -->
