<?xml version="1.0" encoding="UTF-8"?>
<!-- Generated by org.testng.reporters.JUnitReportReporter -->
<testsuite hostname="Qw3r7y" failures="0" tests="6" name="testcase.LoginTest" time="14.635" errors="0" timestamp="2024-04-25T00:07:07 CST" skipped="0">
  <testcase classname="testcase.LoginTest" name="Login" time="2.148"/>
  <testcase classname="testcase.LoginTest" name="Login" time="6.452"/>
  <testcase classname="testcase.LoginTest" name="Login" time="1.440"/>
  <testcase classname="testcase.LoginTest" name="Login" time="1.709"/>
  <testcase classname="testcase.LoginTest" name="Login" time="1.439"/>
  <testcase classname="testcase.LoginTest" name="Login" time="1.447"/>
</testsuite> <!-- testcase.LoginTest -->
