<?xml version="1.0" encoding="UTF-8"?>
<!-- Generated by org.testng.reporters.JUnitReportReporter -->
<testsuite hostname="Qw3r7y" failures="0" tests="1" name="testcase.SampleTest" time="1.656" errors="0" timestamp="19 Apr 2024 14:54:39 GMT" skipped="0">
  <testcase classname="testcase.SampleTest" name="LoginTest" time="1.656"/>
</testsuite> <!-- testcase.SampleTest -->
