<?xml version="1.0" encoding="UTF-8"?>
<!-- Generated by org.testng.reporters.JUnitReportReporter -->
<testsuite hostname="Qw3r7y" failures="0" tests="6" name="testcase.LoginTest" time="16.834" errors="0" timestamp="2024-05-30T22:31:24 CST" skipped="0">
  <testcase classname="testcase.LoginTest" name="Login" time="2.196"/>
  <testcase classname="testcase.LoginTest" name="Login" time="6.736"/>
  <testcase classname="testcase.LoginTest" name="Login" time="1.695"/>
  <testcase classname="testcase.LoginTest" name="Login" time="2.264"/>
  <testcase classname="testcase.LoginTest" name="Login" time="1.707"/>
  <testcase classname="testcase.LoginTest" name="Login" time="2.236"/>
</testsuite> <!-- testcase.LoginTest -->
