<?xml version="1.0" encoding="UTF-8"?>
<!-- Generated by org.testng.reporters.JUnitReportReporter -->
<testsuite hostname="Qw3r7y" failures="0" tests="6" name="testcase.SampleTestFrameworkApproach" time="38.843" errors="0" timestamp="2024-04-20T20:01:32 CST" skipped="0">
  <testcase classname="testcase.SampleTestFrameworkApproach" name="LoginTest" time="5.552"/>
  <testcase classname="testcase.SampleTestFrameworkApproach" name="LoginTest" time="10.530"/>
  <testcase classname="testcase.SampleTestFrameworkApproach" name="LoginTest" time="5.503"/>
  <testcase classname="testcase.SampleTestFrameworkApproach" name="LoginTest" time="5.557"/>
  <testcase classname="testcase.SampleTestFrameworkApproach" name="LoginTest" time="6.216"/>
  <testcase classname="testcase.SampleTestFrameworkApproach" name="LoginTest" time="5.485"/>
</testsuite> <!-- testcase.SampleTestFrameworkApproach -->
