<?xml version="1.0" encoding="UTF-8"?>
<!-- Generated by org.testng.reporters.JUnitReportReporter -->
<testsuite hostname="Qw3r7y" failures="0" tests="6" name="testcase.LoginTest" time="18.235" errors="0" timestamp="2024-05-27T22:18:28 CST" skipped="0">
  <testcase classname="testcase.LoginTest" name="Login" time="5.407"/>
  <testcase classname="testcase.LoginTest" name="Login" time="1.520"/>
  <testcase classname="testcase.LoginTest" name="Login" time="1.284"/>
  <testcase classname="testcase.LoginTest" name="Login" time="1.401"/>
  <testcase classname="testcase.LoginTest" name="Login" time="6.525"/>
  <testcase classname="testcase.LoginTest" name="Login" time="2.098"/>
</testsuite> <!-- testcase.LoginTest -->
